<?xml version="1.0" encoding="UTF-8"?>
<!-- Generated by org.testng.reporters.JUnitReportReporter -->
<testsuite hostname="bruce" failures="0" tests="39" name="TestClass.TC_DDT_SignUp_001" time="50.720" errors="0" timestamp="2024-04-18T06:38:42 IST" skipped="0">
  <testcase classname="TestClass.TC_DDT_SignUp_001" name="SignUpDDTesting" time="1.359"/>
  <testcase classname="TestClass.TC_DDT_SignUp_001" name="SignUpDDTesting" time="0.825"/>
  <testcase classname="TestClass.TC_DDT_SignUp_001" name="SignUpDDTesting" time="0.803"/>
  <testcase classname="TestClass.TC_DDT_SignUp_001" name="checkFormValidation" time="0.020"/>
  <testcase classname="TestClass.TC_DDT_SignUp_001" name="SignUpDDTesting" time="1.351"/>
  <testcase classname="TestClass.TC_DDT_SignUp_001" name="SignUpDDTesting" time="1.345"/>
  <testcase classname="TestClass.TC_DDT_SignUp_001" name="SignUpDDTesting" time="1.336"/>
  <testcase classname="TestClass.TC_DDT_SignUp_001" name="SignUpDDTesting" time="0.823"/>
  <testcase classname="TestClass.TC_DDT_SignUp_001" name="SignUpDDTesting" time="1.624"/>
  <testcase classname="TestClass.TC_DDT_SignUp_001" name="SignUpDDTesting" time="0.828"/>
  <testcase classname="TestClass.TC_DDT_SignUp_001" name="SignUpDDTesting" time="1.380"/>
  <testcase classname="TestClass.TC_DDT_SignUp_001" name="SignUpDDTesting" time="1.416"/>
  <testcase classname="TestClass.TC_DDT_SignUp_001" name="SignUpDDTesting" time="1.368"/>
  <testcase classname="TestClass.TC_DDT_SignUp_001" name="SignUpDDTesting" time="1.416"/>
  <testcase classname="TestClass.TC_DDT_SignUp_001" name="SignUpDDTesting" time="1.399"/>
  <testcase classname="TestClass.TC_DDT_SignUp_001" name="SignUpDDTesting" time="1.345"/>
  <testcase classname="TestClass.TC_DDT_SignUp_001" name="SignUpDDTesting" time="1.339"/>
  <testcase classname="TestClass.TC_DDT_SignUp_001" name="SignUpDDTesting" time="1.406"/>
  <testcase classname="TestClass.TC_DDT_SignUp_001" name="SignUpDDTesting" time="1.341"/>
  <testcase classname="TestClass.TC_DDT_SignUp_001" name="SignUpDDTesting" time="0.894"/>
  <testcase classname="TestClass.TC_DDT_SignUp_001" name="SignUpDDTesting" time="1.336"/>
  <testcase classname="TestClass.TC_DDT_SignUp_001" name="SignUpDDTesting" time="1.412"/>
  <testcase classname="TestClass.TC_DDT_SignUp_001" name="SignUpDDTesting" time="0.844"/>
  <testcase classname="TestClass.TC_DDT_SignUp_001" name="SignUpDDTesting" time="1.327"/>
  <testcase classname="TestClass.TC_DDT_SignUp_001" name="SignUpDDTesting" time="0.902"/>
  <testcase classname="TestClass.TC_DDT_SignUp_001" name="SignUpDDTesting" time="0.880"/>
  <testcase classname="TestClass.TC_DDT_SignUp_001" name="SignUpDDTesting" time="0.841"/>
  <testcase classname="TestClass.TC_DDT_SignUp_001" name="SignUpDDTesting" time="0.796"/>
  <testcase classname="TestClass.TC_DDT_SignUp_001" name="SignUpDDTesting" time="1.388"/>
  <testcase classname="TestClass.TC_DDT_SignUp_001" name="SignUpDDTesting" time="1.281"/>
  <testcase classname="TestClass.TC_DDT_SignUp_001" name="SignUpDDTesting" time="4.468"/>
  <testcase classname="TestClass.TC_DDT_SignUp_001" name="SignUpDDTesting" time="2.363"/>
  <testcase classname="TestClass.TC_DDT_SignUp_001" name="SignUpDDTesting" time="1.522"/>
  <testcase classname="TestClass.TC_DDT_SignUp_001" name="SignUpDDTesting" time="1.345"/>
  <testcase classname="TestClass.TC_DDT_SignUp_001" name="SignUpDDTesting" time="0.804"/>
  <testcase classname="TestClass.TC_DDT_SignUp_001" name="SignUpDDTesting" time="1.414"/>
  <testcase classname="TestClass.TC_DDT_SignUp_001" name="SignUpDDTesting" time="2.007"/>
  <testcase classname="TestClass.TC_DDT_SignUp_001" name="SignUpDDTesting" time="0.840"/>
  <testcase classname="TestClass.TC_DDT_SignUp_001" name="SignUpDDTesting" time="1.332"/>
</testsuite> <!-- TestClass.TC_DDT_SignUp_001 -->
