<?xml version="1.0" encoding="UTF-8"?>
<!-- Generated by org.testng.reporters.JUnitReportReporter -->
<testsuite hostname="bruce" failures="0" tests="1" name="TestClass.TC_SignUp_ValidCredentails" time="24.907" errors="0" timestamp="2024-04-16T08:19:14 IST" skipped="0">
  <testcase classname="TestClass.TC_SignUp_ValidCredentails" name="ValidCredentailsSignUp" time="24.907"/>
</testsuite> <!-- TestClass.TC_SignUp_ValidCredentails -->
