<?xml version="1.0" encoding="UTF-8"?>
<!-- Generated by org.testng.reporters.JUnitReportReporter -->
<testsuite hostname="bruce" failures="0" tests="1" name="TestClass.TC_FP_ResetPageVerification_002" time="6.897" errors="0" timestamp="2024-04-16T08:19:15 IST" skipped="0">
  <testcase classname="TestClass.TC_FP_ResetPageVerification_002" name="PasswordResetPageVerification" time="6.897"/>
</testsuite> <!-- TestClass.TC_FP_ResetPageVerification_002 -->
