<?xml version="1.0" encoding="UTF-8"?>
<!-- Generated by org.testng.reporters.JUnitReportReporter -->
<testsuite hostname="bruce" failures="0" tests="1" name="TestClass.ErrorMessageValidation" time="0.996" errors="0" timestamp="2024-04-18T07:34:45 IST" skipped="0">
  <testcase classname="TestClass.ErrorMessageValidation" name="ErrorValidationMessage" time="0.996"/>
</testsuite> <!-- TestClass.ErrorMessageValidation -->
