<?xml version="1.0" encoding="UTF-8"?>
<!-- Generated by org.testng.reporters.JUnitReportReporter -->
<testsuite hostname="bruce" failures="0" tests="39" name="TestClass.TC_DDT_SignUp_001" time="164.008" errors="0" timestamp="2024-04-16T08:19:14 IST" skipped="0">
  <testcase classname="TestClass.TC_DDT_SignUp_001" name="SignUpDDTesting" time="3.668"/>
  <testcase classname="TestClass.TC_DDT_SignUp_001" name="SignUpDDTesting" time="6.113"/>
  <testcase classname="TestClass.TC_DDT_SignUp_001" name="SignUpDDTesting" time="3.948"/>
  <testcase classname="TestClass.TC_DDT_SignUp_001" name="SignUpDDTesting" time="1.892"/>
  <testcase classname="TestClass.TC_DDT_SignUp_001" name="SignUpDDTesting" time="7.808"/>
  <testcase classname="TestClass.TC_DDT_SignUp_001" name="SignUpDDTesting" time="3.634"/>
  <testcase classname="TestClass.TC_DDT_SignUp_001" name="SignUpDDTesting" time="4.462"/>
  <testcase classname="TestClass.TC_DDT_SignUp_001" name="SignUpDDTesting" time="3.989"/>
  <testcase classname="TestClass.TC_DDT_SignUp_001" name="SignUpDDTesting" time="5.895"/>
  <testcase classname="TestClass.TC_DDT_SignUp_001" name="SignUpDDTesting" time="1.734"/>
  <testcase classname="TestClass.TC_DDT_SignUp_001" name="SignUpDDTesting" time="4.167"/>
  <testcase classname="TestClass.TC_DDT_SignUp_001" name="SignUpDDTesting" time="4.104"/>
  <testcase classname="TestClass.TC_DDT_SignUp_001" name="checkFormValidation" time="0.037"/>
  <testcase classname="TestClass.TC_DDT_SignUp_001" name="SignUpDDTesting" time="4.276"/>
  <testcase classname="TestClass.TC_DDT_SignUp_001" name="SignUpDDTesting" time="4.154"/>
  <testcase classname="TestClass.TC_DDT_SignUp_001" name="SignUpDDTesting" time="1.824"/>
  <testcase classname="TestClass.TC_DDT_SignUp_001" name="SignUpDDTesting" time="5.734"/>
  <testcase classname="TestClass.TC_DDT_SignUp_001" name="SignUpDDTesting" time="4.315"/>
  <testcase classname="TestClass.TC_DDT_SignUp_001" name="SignUpDDTesting" time="4.566"/>
  <testcase classname="TestClass.TC_DDT_SignUp_001" name="SignUpDDTesting" time="3.032"/>
  <testcase classname="TestClass.TC_DDT_SignUp_001" name="SignUpDDTesting" time="3.858"/>
  <testcase classname="TestClass.TC_DDT_SignUp_001" name="SignUpDDTesting" time="3.272"/>
  <testcase classname="TestClass.TC_DDT_SignUp_001" name="SignUpDDTesting" time="1.876"/>
  <testcase classname="TestClass.TC_DDT_SignUp_001" name="SignUpDDTesting" time="4.301"/>
  <testcase classname="TestClass.TC_DDT_SignUp_001" name="SignUpDDTesting" time="5.073"/>
  <testcase classname="TestClass.TC_DDT_SignUp_001" name="SignUpDDTesting" time="2.383"/>
  <testcase classname="TestClass.TC_DDT_SignUp_001" name="SignUpDDTesting" time="6.280"/>
  <testcase classname="TestClass.TC_DDT_SignUp_001" name="SignUpDDTesting" time="6.895"/>
  <testcase classname="TestClass.TC_DDT_SignUp_001" name="SignUpDDTesting" time="4.071"/>
  <testcase classname="TestClass.TC_DDT_SignUp_001" name="SignUpDDTesting" time="3.437"/>
  <testcase classname="TestClass.TC_DDT_SignUp_001" name="SignUpDDTesting" time="5.942"/>
  <testcase classname="TestClass.TC_DDT_SignUp_001" name="SignUpDDTesting" time="4.181"/>
  <testcase classname="TestClass.TC_DDT_SignUp_001" name="SignUpDDTesting" time="4.652"/>
  <testcase classname="TestClass.TC_DDT_SignUp_001" name="SignUpDDTesting" time="3.816"/>
  <testcase classname="TestClass.TC_DDT_SignUp_001" name="SignUpDDTesting" time="5.577"/>
  <testcase classname="TestClass.TC_DDT_SignUp_001" name="SignUpDDTesting" time="6.212"/>
  <testcase classname="TestClass.TC_DDT_SignUp_001" name="SignUpDDTesting" time="1.846"/>
  <testcase classname="TestClass.TC_DDT_SignUp_001" name="SignUpDDTesting" time="7.957"/>
  <testcase classname="TestClass.TC_DDT_SignUp_001" name="SignUpDDTesting" time="3.027"/>
</testsuite> <!-- TestClass.TC_DDT_SignUp_001 -->
