<?xml version="1.0" encoding="UTF-8"?>
<!-- Generated by org.testng.reporters.JUnitReportReporter -->
<testsuite hostname="bruce" failures="0" tests="7" name="TestClass.TC_SignInDDT_003" time="81.415" errors="0" timestamp="2024-04-16T08:19:15 IST" skipped="0">
  <testcase classname="TestClass.TC_SignInDDT_003" name="SignUpDDTesting" time="4.052"/>
  <testcase classname="TestClass.TC_SignInDDT_003" name="SignUpDDTesting" time="4.245"/>
  <testcase classname="TestClass.TC_SignInDDT_003" name="SignUpDDTesting" time="3.003"/>
  <testcase classname="TestClass.TC_SignInDDT_003" name="SignUpDDTesting" time="31.667"/>
  <testcase classname="TestClass.TC_SignInDDT_003" name="SignUpDDTesting" time="3.382"/>
  <testcase classname="TestClass.TC_SignInDDT_003" name="SignUpDDTesting" time="1.624"/>
  <testcase classname="TestClass.TC_SignInDDT_003" name="SignUpDDTesting" time="33.442"/>
</testsuite> <!-- TestClass.TC_SignInDDT_003 -->
