<?xml version="1.0" encoding="UTF-8"?>
<!-- Generated by org.testng.reporters.JUnitReportReporter -->
<testsuite hostname="bruce" failures="0" tests="1" name="TestClass.TC_SignInwithValidCredentials_004" time="0.324" errors="0" timestamp="2024-04-18T06:38:42 IST" skipped="0">
  <testcase classname="TestClass.TC_SignInwithValidCredentials_004" name="ValidCredentials" time="0.324"/>
</testsuite> <!-- TestClass.TC_SignInwithValidCredentials_004 -->
