<?xml version="1.0" encoding="UTF-8"?>
<!-- Generated by org.testng.reporters.JUnitReportReporter -->
<testsuite hostname="bruce" failures="0" tests="7" name="TestClass.TC_SignInDDT_003" time="63.969" errors="0" timestamp="2024-04-18T06:38:42 IST" skipped="0">
  <testcase classname="TestClass.TC_SignInDDT_003" name="SignUpDDTesting" time="0.718"/>
  <testcase classname="TestClass.TC_SignInDDT_003" name="SignUpDDTesting" time="0.570"/>
  <testcase classname="TestClass.TC_SignInDDT_003" name="SignUpDDTesting" time="1.073"/>
  <testcase classname="TestClass.TC_SignInDDT_003" name="SignUpDDTesting" time="30.356"/>
  <testcase classname="TestClass.TC_SignInDDT_003" name="SignUpDDTesting" time="0.571"/>
  <testcase classname="TestClass.TC_SignInDDT_003" name="SignUpDDTesting" time="30.284"/>
  <testcase classname="TestClass.TC_SignInDDT_003" name="SignUpDDTesting" time="0.397"/>
</testsuite> <!-- TestClass.TC_SignInDDT_003 -->
